0 info it worked if it ends with ok
1 verbose cli [ 'C:\\nodejs\\node.exe',
1 verbose cli   'C:\\nodejs\\node_modules\\npm\\bin\\npm-cli.js',
1 verbose cli   'run',
1 verbose cli   'start',
1 verbose cli   '--scripts-prepend-node-path' ]
2 info using npm@3.10.10
3 info using node@v6.10.2
4 verbose run-script [ 'prestart', 'start', 'poststart' ]
5 info lifecycle spider-demo@0.0.1~prestart: spider-demo@0.0.1
6 silly lifecycle spider-demo@0.0.1~prestart: no script for prestart, continuing
7 info lifecycle spider-demo@0.0.1~start: spider-demo@0.0.1
8 verbose lifecycle spider-demo@0.0.1~start: unsafe-perm in lifecycle true
9 verbose lifecycle spider-demo@0.0.1~start: PATH: C:\nodejs\node_modules\npm\bin\node-gyp-bin;D:\Garden\Spider-Demo\node_modules\.bin;C:\ProgramData\Oracle\Java\javapath;C:\Program Files\Ruby24-x64\bin;C:\Program Files (x86)\NVIDIA Corporation\PhysX\Common;C:\Windows\system32;C:\Windows;C:\Windows\System32\Wbem;C:\Windows\System32\WindowsPowerShell\v1.0\;C:\Program Files\Git\cmd;C:\Program Files\TortoiseGit\bin;C:\Program Files\MySQL\MySQL Server 5.5\bin;C:\nodejs\;C:\Program Files\Ruby24-x64\bin;C:\Program Files\Java\jdk1.7.0_75\bin;D:\DevTools\apache-maven-3.2.5\bin;C:\Users\tao.liu\AppData\Roaming\npm
10 verbose lifecycle spider-demo@0.0.1~start: CWD: D:\Garden\Spider-Demo
11 silly lifecycle spider-demo@0.0.1~start: Args: [ '/d /s /c', 'node ./bin/www' ]
12 silly lifecycle spider-demo@0.0.1~start: Returned: code: 1  signal: null
13 info lifecycle spider-demo@0.0.1~start: Failed to exec start script
14 verbose stack Error: spider-demo@0.0.1 start: `node ./bin/www`
14 verbose stack Exit status 1
14 verbose stack     at EventEmitter.<anonymous> (C:\nodejs\node_modules\npm\lib\utils\lifecycle.js:255:16)
14 verbose stack     at emitTwo (events.js:106:13)
14 verbose stack     at EventEmitter.emit (events.js:191:7)
14 verbose stack     at ChildProcess.<anonymous> (C:\nodejs\node_modules\npm\lib\utils\spawn.js:40:14)
14 verbose stack     at emitTwo (events.js:106:13)
14 verbose stack     at ChildProcess.emit (events.js:191:7)
14 verbose stack     at maybeClose (internal/child_process.js:886:16)
14 verbose stack     at Process.ChildProcess._handle.onexit (internal/child_process.js:226:5)
15 verbose pkgid spider-demo@0.0.1
16 verbose cwd D:\Garden\Spider-Demo
17 error Windows_NT 6.3.9600
18 error argv "C:\\nodejs\\node.exe" "C:\\nodejs\\node_modules\\npm\\bin\\npm-cli.js" "run" "start" "--scripts-prepend-node-path"
19 error node v6.10.2
20 error npm  v3.10.10
21 error code ELIFECYCLE
22 error spider-demo@0.0.1 start: `node ./bin/www`
22 error Exit status 1
23 error Failed at the spider-demo@0.0.1 start script 'node ./bin/www'.
23 error Make sure you have the latest version of node.js and npm installed.
23 error If you do, this is most likely a problem with the spider-demo package,
23 error not with npm itself.
23 error Tell the author that this fails on your system:
23 error     node ./bin/www
23 error You can get information on how to open an issue for this project with:
23 error     npm bugs spider-demo
23 error Or if that isn't available, you can get their info via:
23 error     npm owner ls spider-demo
23 error There is likely additional logging output above.
24 verbose exit [ 1, true ]
